<?xml version="1.0" encoding="UTF-8"?>
<!-- Generated by org.testng.reporters.JUnitReportReporter -->
<testsuite skipped="0" hostname="Stanislavs-MacBook-Pro.local" name="getRequest.GetData2" tests="2" failures="0" timestamp="26 Jul 2018 04:52:10 GMT" time="8.854" errors="0">
  <testcase name="testResponsecode" time="6.359" classname="getRequest.GetData2"/>
  <testcase name="testbody" time="2.495" classname="getRequest.GetData2"/>
</testsuite> <!-- getRequest.GetData2 -->
