<?xml version="1.0" encoding="UTF-8"?>
<!-- Generated by org.testng.reporters.JUnitReportReporter -->
<testsuite skipped="0" hostname="Stanislavs-MacBook-Pro.local" name="getRequest.GetData" tests="2" failures="0" timestamp="26 Jul 2018 04:52:10 GMT" time="1.967" errors="0">
  <testcase name="testbody" time="0.959" classname="getRequest.GetData"/>
  <testcase name="testResponsecode" time="1.008" classname="getRequest.GetData"/>
</testsuite> <!-- getRequest.GetData -->
